[15:06:26] [main/WARN]: Ambiguity between arguments [teleport, destination] and [teleport, targets] with inputs: [Player, 0123, @e, dd12be42-52a9-4a91-a8a1-11c01849e498]
[15:06:26] [main/WARN]: Ambiguity between arguments [teleport, location] and [teleport, destination] with inputs: [0.1 -0.5 .9, 0 0 0]
[15:06:26] [main/WARN]: Ambiguity between arguments [teleport, location] and [teleport, targets] with inputs: [0.1 -0.5 .9, 0 0 0]
[15:06:26] [main/WARN]: Ambiguity between arguments [teleport, targets] and [teleport, destination] with inputs: [Player, 0123, dd12be42-52a9-4a91-a8a1-11c01849e498]
[15:06:26] [main/WARN]: Ambiguity between arguments [teleport, targets, location] and [teleport, targets, destination] with inputs: [0.1 -0.5 .9, 0 0 0]
[15:06:26] [main/INFO]: Reloading ResourceManager: Default
[15:06:27] [Worker-Main-12/INFO]: Loaded 7 recipes
[15:06:27] [Worker-Main-12/INFO]: Loaded 927 advancements
[15:06:28] [Server thread/INFO]: Starting minecraft server version 1.16.1
[15:06:28] [Server thread/INFO]: Loading properties
[15:06:28] [Server thread/INFO]: Default game type: SURVIVAL
[15:06:28] [Server thread/INFO]: Generating keypair
[15:06:28] [Server thread/INFO]: Starting Minecraft server on *:25565
[15:06:28] [Server thread/INFO]: Using default channel type
[15:06:29] [Server thread/INFO]: Preparing level "world"
[15:06:29] [Server thread/INFO]: Preparing start region for dimension minecraft:overworld
[15:06:30] [Server thread/INFO]: Preparing spawn area: 0%
[15:06:30] [Server thread/INFO]: Preparing spawn area: 0%
[15:06:30] [Server thread/INFO]: Preparing spawn area: 0%
[15:06:30] [Worker-Main-10/INFO]: Preparing spawn area: 0%
[15:06:31] [Server thread/INFO]: Time elapsed: 1912 ms
[15:06:31] [Server thread/INFO]: Done (1.975s)! For help, type "help"
[15:07:28] [User Authenticator #1/INFO]: UUID of player _Kodin_ is 21f06bfa-9293-44f2-9f3d-1f745bbbf17e
[15:07:28] [Server thread/INFO]: _Kodin_[/192.168.1.2:63983] logged in with entity id 128 at (64.20094935325756, 73.0, 337.71921544322913)
[15:07:28] [Server thread/INFO]: _Kodin_ joined the game
[15:07:40] [User Authenticator #2/INFO]: UUID of player _Mynerva_ is a1059339-588c-4401-856b-f4b3ae47dd53
[15:07:40] [Server thread/INFO]: _Mynerva_[/192.168.1.15:53514] logged in with entity id 300 at (64.7835812160242, 73.0, 333.63381316437074)
[15:07:40] [Server thread/INFO]: _Mynerva_ joined the game
[15:09:34] [Server thread/INFO]: _Kodin_ has made the advancement [Sweet Dreams]
[15:09:34] [Server thread/INFO]: _Mynerva_ has made the advancement [Sweet Dreams]
[15:12:47] [Server thread/INFO]: _Kodin_ has made the advancement [Take Aim]
[15:24:05] [Server thread/INFO]: _Kodin_ has made the advancement [Hot Stuff]
[15:28:11] [Server thread/INFO]: _Mynerva_ has made the advancement [Not Today, Thank You]
[15:31:28] [Server thread/INFO]: _Kodin_ has made the advancement [Best Friends Forever]
[15:31:33] [Server thread/WARN]: Can't keep up! Is the server overloaded? Running 2137ms or 42 ticks behind
[15:31:53] [Server thread/INFO]: _Mynerva_ has made the advancement [Best Friends Forever]
[15:36:35] [Server thread/WARN]: Can't keep up! Is the server overloaded? Running 2478ms or 49 ticks behind
[15:41:38] [Server thread/WARN]: Can't keep up! Is the server overloaded? Running 2654ms or 53 ticks behind
[16:11:40] [Server thread/WARN]: Can't keep up! Is the server overloaded? Running 2268ms or 45 ticks behind
[16:32:18] [Server thread/INFO]: [_Kodin_: Gave 1 [Empty Map] to _Kodin_]
[16:38:10] [Server thread/INFO]: _Mynerva_ has made the advancement [Fishy Business]
[17:06:56] [Server thread/INFO]: _Kodin_ was slain by Enderman
[17:09:08] [Server thread/INFO]: [_Kodin_: Teleported _Kodin_ to _Mynerva_]
[17:09:08] [Server thread/WARN]: _Kodin_ moved too quickly! 43.13921913872842,-40.0,43.512768120506394
[17:09:08] [Server thread/WARN]: _Kodin_ moved too quickly! 43.13921913872842,-40.0,43.512768120506394
[17:16:25] [Server thread/INFO]: _Kodin_ burned to death
[17:17:24] [Server thread/INFO]: [_Kodin_: Teleported _Kodin_ to _Mynerva_]
[17:17:24] [Server thread/WARN]: _Kodin_ moved too quickly! 57.33872595041895,-44.2468000194788,44.4376073234817
[17:17:24] [Server thread/WARN]: _Kodin_ moved too quickly! 57.33872595041895,-44.2468000194788,44.4376073234817
[17:17:59] [Server thread/INFO]: _Kodin_ burned to death
[17:18:17] [Server thread/INFO]: [_Kodin_: Teleported _Kodin_ to _Mynerva_]
[17:18:17] [Server thread/WARN]: _Kodin_ moved too quickly! 50.19999998807907,-41.0000002,34.544505929336935
[17:19:15] [Server thread/INFO]: [_Mynerva_: Teleported _Mynerva_ to _Kodin_]
[17:19:15] [Server thread/WARN]: _Mynerva_ moved too quickly! -0.7686686798332687,-12.0,9.70802652727457
[17:19:15] [Server thread/WARN]: _Mynerva_ moved too quickly! -0.7686686798332687,-12.0,9.70802652727457
[17:21:32] [Server thread/INFO]: [_Kodin_: Gave 64 [Iron Nugget] to _Kodin_]
[17:21:39] [Server thread/INFO]: [_Kodin_: Gave 40 [Iron Nugget] to _Kodin_]
[17:21:51] [Server thread/INFO]: [_Kodin_: Gave 15 [Gold Nugget] to _Kodin_]
[17:22:02] [Server thread/INFO]: [_Kodin_: Gave 1 [Bucket] to _Kodin_]
[17:22:34] [Server thread/INFO]: [_Kodin_: Gave 60 [Torch] to _Kodin_]
[17:23:08] [Server thread/INFO]: [_Kodin_: Gave 1 [Bucket] to _Kodin_]
[17:23:11] [Server thread/INFO]: [_Kodin_: Gave 1 [Bucket] to _Kodin_]
[17:23:12] [Server thread/INFO]: [_Kodin_: Gave 1 [Bucket] to _Kodin_]
[17:23:49] [Server thread/INFO]: [_Kodin_: Gave 64 [Iron Ore] to _Kodin_]
[17:23:53] [Server thread/INFO]: [_Kodin_: Gave 40 [Iron Ore] to _Kodin_]
[17:27:36] [Server thread/INFO]: [_Kodin_: Teleported _Kodin_ to _Mynerva_]
[17:27:36] [Server thread/WARN]: _Kodin_ moved too quickly! -0.35033965843001624,18.0,-20.115992785939397
[17:27:36] [Server thread/WARN]: _Kodin_ moved too quickly! -0.35033965843001624,18.0,-20.115992785939397
[17:27:37] [Server thread/WARN]: _Kodin_ moved too quickly! -0.35033965843001624,18.0,-20.115992785939397
[17:28:41] [Server thread/INFO]: [_Kodin_: Gave 1 [Stone Pickaxe] to _Kodin_]
[17:30:09] [Server thread/INFO]: [_Kodin_: Teleported _Mynerva_ to 65.5, 73.0, 336.5]
[17:30:09] [Server thread/WARN]: _Mynerva_ moved too quickly! -57.09752840120629,47.0,-43.64153135676361
[17:30:09] [Server thread/WARN]: _Mynerva_ moved too quickly! -57.09752840120629,47.0,-43.64153135676361
[17:30:25] [Server thread/INFO]: [_Kodin_: Teleported _Kodin_ to 65.5, 73.0, 336.5]
[17:30:25] [Server thread/WARN]: _Kodin_ moved too quickly! -63.70137037702443,49.0,-44.529948840042834
[17:31:02] [Server thread/INFO]: [_Kodin_: Gave 64 [Glass] to _Mynerva_]
[17:32:42] [Server thread/INFO]: [_Kodin_: Gave 64 [Glass] to _Mynerva_]
[17:33:41] [Server thread/INFO]: [_Kodin_: Gave 64 [Glass] to _Mynerva_]
[17:35:34] [Server thread/INFO]: [_Kodin_: Gave 64 [Glass] to _Mynerva_]
[17:40:13] [Server thread/INFO]: [_Kodin_: Gave 64 [Glass] to _Mynerva_]
[17:43:03] [Server thread/INFO]: [_Kodin_: Gave 1 [Iron Pickaxe] to _Mynerva_]
[17:49:11] [Server thread/INFO]: [_Kodin_: Applied effect Levitation to _Mynerva_]
[17:49:22] [Server thread/INFO]: [_Kodin_: Removed effect Levitation from _Mynerva_]
[17:49:40] [Server thread/INFO]: [_Kodin_: Applied effect Levitation to _Mynerva_]
[17:50:02] [Server thread/INFO]: [_Kodin_: Applied effect Slow Falling to _Mynerva_]
[17:50:05] [Server thread/INFO]: [_Kodin_: Removed effect Levitation from _Mynerva_]
[17:50:22] [Server thread/INFO]: [_Kodin_: Applied effect Slow Falling to _Kodin_]
[17:50:39] [Server thread/INFO]: [_Kodin_: Gave 64 [Glass] to _Mynerva_]
[17:51:10] [Server thread/INFO]: [_Kodin_: Applied effect Instant Health to _Kodin_]
[17:51:20] [Server thread/INFO]: [_Kodin_: Applied effect Instant Health to _Mynerva_]
[17:51:22] [Server thread/INFO]: [_Kodin_: Applied effect Instant Health to _Mynerva_]
[17:51:23] [Server thread/INFO]: [_Kodin_: Applied effect Instant Health to _Mynerva_]
[17:51:27] [Server thread/INFO]: [_Kodin_: Applied effect Instant Health to _Kodin_]
[18:01:01] [Server thread/INFO]: [_Kodin_: Gave 64 [Glass] to _Mynerva_]
[18:03:37] [Server thread/INFO]: [_Kodin_: Gave 1 [Iron Pickaxe] to _Mynerva_]
[18:05:03] [Server thread/INFO]: [_Kodin_: Gave 64 [Stone] to _Kodin_]
[18:05:06] [Server thread/INFO]: [_Kodin_: Gave 64 [Glass] to _Mynerva_]
[18:14:03] [Server thread/INFO]: [_Kodin_: Gave 64 [Dark Oak Fence] to _Kodin_]
[18:15:35] [Server thread/INFO]: [_Kodin_: Gave 64 [Glass] to _Mynerva_]
[18:17:13] [Server thread/INFO]: [_Kodin_: Gave 1 [Lava Bucket] to _Kodin_]
[18:17:16] [Server thread/INFO]: [_Kodin_: Gave 64 [Glass] to _Mynerva_]
[18:17:45] [Server thread/INFO]: [_Kodin_: Gave 63 [Stone] to _Kodin_]
[18:19:07] [Server thread/INFO]: [_Kodin_: Gave 64 [Glass] to _Mynerva_]
[18:19:08] [Server thread/INFO]: [_Kodin_: Gave 64 [Glass] to _Mynerva_]
[18:19:09] [Server thread/INFO]: [_Kodin_: Gave 64 [Glass] to _Mynerva_]
[18:19:09] [Server thread/INFO]: [_Kodin_: Gave 64 [Glass] to _Mynerva_]
[18:19:10] [Server thread/INFO]: [_Kodin_: Gave 64 [Glass] to _Mynerva_]
[18:19:11] [Server thread/INFO]: [_Kodin_: Gave 64 [Glass] to _Mynerva_]
[18:19:12] [Server thread/INFO]: [_Kodin_: Gave 64 [Glass] to _Mynerva_]
[18:22:45] [Server thread/INFO]: [_Kodin_: Gave 1 [Iron Pickaxe] to _Mynerva_]
[18:22:47] [Server thread/INFO]: [_Kodin_: Gave 1 [Iron Pickaxe] to _Mynerva_]
[18:23:03] [Server thread/INFO]: [_Kodin_: Gave 1 [Iron Trapdoor] to _Kodin_]
[18:24:37] [Server thread/INFO]: [_Kodin_: Gave 1 [Iron Trapdoor] to _Kodin_]
[18:24:39] [Server thread/INFO]: [_Kodin_: Gave 1 [Iron Trapdoor] to _Kodin_]
[18:24:39] [Server thread/INFO]: [_Kodin_: Gave 1 [Iron Trapdoor] to _Kodin_]
[18:26:47] [Server thread/INFO]: [_Kodin_: Gave 1 [Glass] to _Kodin_]
[18:26:49] [Server thread/INFO]: [_Kodin_: Gave 1 [Glass] to _Kodin_]
[18:26:54] [Server thread/INFO]: [_Kodin_: Gave 1 [Glass] to _Kodin_]
[18:33:21] [Server thread/INFO]: [_Kodin_: Gave 1 [Iron Pickaxe] to _Kodin_]
[18:35:16] [Server thread/INFO]: [_Kodin_: Gave 1 [Iron Pickaxe] to _Mynerva_]
[18:35:19] [Server thread/INFO]: [_Kodin_: Gave 1 [Iron Pickaxe] to _Mynerva_]
[18:35:48] [Server thread/INFO]: [_Kodin_: Applied effect Instant Health to _Kodin_]
[18:35:50] [Server thread/INFO]: [_Kodin_: Applied effect Instant Health to _Kodin_]
[18:36:03] [Server thread/INFO]: [_Kodin_: Applied effect Instant Health to _Mynerva_]
[18:36:05] [Server thread/INFO]: [_Kodin_: Applied effect Instant Health to _Mynerva_]
[18:36:05] [Server thread/INFO]: [_Kodin_: Applied effect Instant Health to _Mynerva_]
[18:36:09] [Server thread/INFO]: [_Kodin_: Applied effect Instant Health to _Mynerva_]
[18:45:14] [Server thread/INFO]: [_Kodin_: Gave 1 [Iron Pickaxe] to _Mynerva_]
[18:47:35] [Server thread/INFO]: [_Kodin_: Applied effect Glowing to _Kodin_]
[18:47:47] [Server thread/INFO]: [_Kodin_: Gave 1 [Glass] to _Kodin_]
[18:47:54] [Server thread/INFO]: [_Kodin_: Gave 63 [Glass] to _Kodin_]
[18:52:12] [Server thread/INFO]: [_Kodin_: Gave 1 [Iron Pickaxe] to _Kodin_]
[18:55:38] [Server thread/INFO]: [_Kodin_: Gave 1 [Dark Oak Fence] to _Mynerva_]
[18:55:42] [Server thread/INFO]: [_Kodin_: Gave 64 [Dark Oak Fence] to _Mynerva_]
[18:56:14] [Server thread/INFO]: [_Kodin_: Gave 50 [Glass] to _Kodin_]
[18:59:18] [Server thread/INFO]: [_Kodin_: Gave 60 [Stone Brick Slab] to _Kodin_]
[18:59:33] [Server thread/INFO]: [_Kodin_: Gave 60 [Stone Slab] to _Kodin_]
[19:04:50] [Server thread/INFO]: [_Kodin_: Saved the game]
[19:10:37] [Server thread/INFO]: [_Kodin_: Gave 63 [Stone] to _Kodin_]
[19:12:02] [Server thread/INFO]: _Mynerva_ lost connection: Disconnected
[19:12:02] [Server thread/INFO]: _Mynerva_ left the game
[19:13:07] [Server thread/INFO]: [_Kodin_: Saved the game]
[19:13:26] [Server thread/INFO]: _Kodin_ lost connection: Disconnected
[19:13:26] [Server thread/INFO]: _Kodin_ left the game
[19:13:51] [Server thread/INFO]: Saving the game (this may take a moment!)
[19:13:52] [Server thread/INFO]: Saved the game
[19:13:59] [Server thread/INFO]: Saving is already turned on
[19:14:06] [Server thread/INFO]: Unknown or incomplete command, see below for error
[19:14:06] [Server thread/INFO]: /exit<--[HERE]
[19:14:09] [Server thread/INFO]: Unknown or incomplete command, see below for error
[19:14:09] [Server thread/INFO]: /quit<--[HERE]
