[11:32:18] [main/INFO]: Environment: authHost='https://authserver.mojang.com', accountsHost='https://api.mojang.com', sessionHost='https://sessionserver.mojang.com', name='PROD'
[11:32:18] [main/WARN]: Ambiguity between arguments [teleport, destination] and [teleport, targets] with inputs: [Player, 0123, @e, dd12be42-52a9-4a91-a8a1-11c01849e498]
[11:32:18] [main/WARN]: Ambiguity between arguments [teleport, location] and [teleport, destination] with inputs: [0.1 -0.5 .9, 0 0 0]
[11:32:18] [main/WARN]: Ambiguity between arguments [teleport, location] and [teleport, targets] with inputs: [0.1 -0.5 .9, 0 0 0]
[11:32:18] [main/WARN]: Ambiguity between arguments [teleport, targets] and [teleport, destination] with inputs: [Player, 0123, dd12be42-52a9-4a91-a8a1-11c01849e498]
[11:32:18] [main/WARN]: Ambiguity between arguments [teleport, targets, location] and [teleport, targets, destination] with inputs: [0.1 -0.5 .9, 0 0 0]
[11:32:18] [main/INFO]: Reloading ResourceManager: Default
[11:32:19] [Worker-Main-12/INFO]: Loaded 7 recipes
[11:32:19] [Worker-Main-12/INFO]: Loaded 927 advancements
[11:32:20] [Server thread/INFO]: Starting minecraft server version 1.16.1
[11:32:20] [Server thread/INFO]: Loading properties
[11:32:20] [Server thread/INFO]: Default game type: SURVIVAL
[11:32:20] [Server thread/INFO]: Generating keypair
[11:32:20] [Server thread/INFO]: Starting Minecraft server on *:25565
[11:32:20] [Server thread/INFO]: Using default channel type
[11:32:21] [Server thread/INFO]: Preparing level "world"
[11:32:21] [Server thread/INFO]: Preparing start region for dimension minecraft:overworld
[11:32:22] [Server thread/INFO]: Preparing spawn area: 0%
[11:32:22] [Server thread/INFO]: Preparing spawn area: 0%
[11:32:22] [Server thread/INFO]: Preparing spawn area: 0%
[11:32:22] [Server thread/INFO]: Time elapsed: 1276 ms
[11:32:22] [Server thread/INFO]: Done (1.342s)! For help, type "help"
[11:34:22] [User Authenticator #1/INFO]: UUID of player _Kodin_ is 21f06bfa-9293-44f2-9f3d-1f745bbbf17e
[11:34:22] [Server thread/INFO]: _Kodin_[/192.168.1.2:56188] logged in with entity id 121 at (65.58649299704318, 73.0, 333.61044507448315)
[11:34:22] [Server thread/INFO]: _Kodin_ joined the game
[11:34:28] [User Authenticator #2/INFO]: UUID of player _Mynerva_ is a1059339-588c-4401-856b-f4b3ae47dd53
[11:34:28] [Server thread/INFO]: _Mynerva_[/192.168.1.15:53953] logged in with entity id 266 at (62.32066261399015, 73.0, 333.87375657215733)
[11:34:28] [Server thread/INFO]: _Mynerva_ joined the game
[11:34:59] [Server thread/INFO]: _Kodin_ lost connection: Disconnected
[11:34:59] [Server thread/INFO]: _Kodin_ left the game
